Workstation Implosion Tool (Aug 23 1993)
Pre-Release Version

(C) COPYRIGHT International Business Machines Corp. 1993
All Rights Reserved
Property of IBM
IBM Internal Use Only

Run on Mon Aug 23 14:22:53 1993
===============================


Problem Title:
Simple Test Case for the Portable MRP

Problem Dimensions:

   Number of Parts of Catagory: Capacity         0
   Number of Parts of Catagory: Raw Material     4
   Number of Parts of Catagory: Product          3
   Total Number of Parts:                        7
   Number of Periods:                            3
   Last Period:                                  2
   Number of Demand Streams:                     3
   Number of BOM Entries:                        6
   Number of Substitute BOM Entries:             0
   Number of Bound Sets:                         0

Build a product when its BOM is empty?         Yes

Objective choice: 0

Has the input data been pre-processed?         Yes

Has pre-processing for optimization
been performed?                                 No

Has automatic generation of priorities
been performed?                                 No


Part "Raw_AAA":
   Initial Inventory:            0

   Part Index:                   0

   Part Catagory:     Raw Material


Part "Raw_AAB":
   Initial Inventory:            0

   Part Index:                   1

   Part Catagory:     Raw Material


Part "Raw_ABA":
   Initial Inventory:            0

   Part Index:                   2

   Part Catagory:     Raw Material


Part "Raw_ABB":
   Initial Inventory:            0

   Part Index:                   3

   Part Catagory:     Raw Material


Part "Subprod_AA":
   Initial Inventory:            0

   Part Index:                   4

   Part Catagory:          Product
   Product Index:                0

   Cycle Times:
           1.0      1.0      1.0 

   Can Build?:
            No      Yes      Yes 

   Mandatory E/C?
            No       No       No 

   Yields:
           100      100      100 

   Bill of Materials:

   BOM Entry Number:                  0
      Part Consumed:            Raw_AAA
      Usage Time:                   1.0
      Usage Rate:                 3.000
      Fallout:                        0%
      Effectivity Dates:
         Earliest:                    0
         Latest:                      2
      Mandatory E/C?                 No

      Global BOM Entry Number:        0

      Effective Rates:
          0.00     3.00     3.00 

      Consumption Dates:
            -1        1        2 

   BOM Entry Number:                  1
      Part Consumed:            Raw_AAB
      Usage Time:                   0.0
      Usage Rate:                 5.000
      Fallout:                        0%
      Effectivity Dates:
         Earliest:                    0
         Latest:                      2
      Mandatory E/C?                 No

      Global BOM Entry Number:        1

      Effective Rates:
          0.00     5.00     5.00 

      Consumption Dates:
            -1        0        1 


Part "Subprod_AB":
   Initial Inventory:            0

   Part Index:                   5

   Part Catagory:          Product
   Product Index:                1

   Cycle Times:
           1.0      1.0      1.0 

   Can Build?:
            No      Yes      Yes 

   Mandatory E/C?
            No       No       No 

   Yields:
           100      100      100 

   Bill of Materials:

   BOM Entry Number:                  0
      Part Consumed:            Raw_ABA
      Usage Time:                   1.0
      Usage Rate:                 7.000
      Fallout:                        0%
      Effectivity Dates:
         Earliest:                    0
         Latest:                      2
      Mandatory E/C?                 No

      Global BOM Entry Number:        2

      Effective Rates:
          0.00     7.00     7.00 

      Consumption Dates:
            -1        1        2 

   BOM Entry Number:                  1
      Part Consumed:            Raw_ABB
      Usage Time:                   0.0
      Usage Rate:                11.000
      Fallout:                        0%
      Effectivity Dates:
         Earliest:                    0
         Latest:                      2
      Mandatory E/C?                 No

      Global BOM Entry Number:        3

      Effective Rates:
          0.00    11.00    11.00 

      Consumption Dates:
            -1        0        1 


Part "Product_A":
   Initial Inventory:            0

   Part Index:                   6

   Part Catagory:          Product
   Product Index:                2

   Demand stream "Stream_X"

      Demand stream index:       0

      Priorities:
             1        1        1 

      Demand Quantities:
             1        0        0 

      Cumulative Demand Quantities:
             1        1        1 

   Demand stream "Stream_Y"

      Demand stream index:       1

      Priorities:
             1        1        1 

      Demand Quantities:
             0       13        0 

      Cumulative Demand Quantities:
             0       13       13 

   Demand stream "Stream_Z"

      Demand stream index:       2

      Priorities:
             1        1        1 

      Demand Quantities:
             0        0       17 

      Cumulative Demand Quantities:
             0        0       17 

   Cycle Times:
           1.0      1.0      1.0 

   Can Build?:
            No      Yes      Yes 

   Mandatory E/C?
            No       No       No 

   Yields:
           100      100      100 

   Bill of Materials:

   BOM Entry Number:                  0
      Part Consumed:         Subprod_AA
      Usage Time:                   1.0
      Usage Rate:                 2.000
      Fallout:                        0%
      Effectivity Dates:
         Earliest:                    0
         Latest:                      2
      Mandatory E/C?                 No

      Global BOM Entry Number:        4

      Effective Rates:
          0.00     2.00     2.00 

      Consumption Dates:
            -1        1        2 

   BOM Entry Number:                  1
      Part Consumed:         Subprod_AB
      Usage Time:                   0.0
      Usage Rate:                 1.000
      Fallout:                        0%
      Effectivity Dates:
         Earliest:                    0
         Latest:                      2
      Mandatory E/C?                 No

      Global BOM Entry Number:        5

      Effective Rates:
          0.00     1.00     1.00 

      Consumption Dates:
            -1        0        1 
